<?xml version="1.0" encoding="UTF-8"?>
<!-- Generated by org.testng.reporters.JUnitReportReporter -->
<testsuite hostname="Aust" failures="0" tests="1" name="testNG.DemoTestNG" time="0.018" errors="0" timestamp="2022-04-15T17:20:51 GMT-05:00" skipped="0">
  <testcase classname="testNG.DemoTestNG" name="demotestcase" time="0.018"/>
  <system-out/>
</testsuite> <!-- testNG.DemoTestNG -->
